This is pdfTeX, Version 3.141592653-2.6-1.40.29 (TeX Live 2026) (preloaded format=pdflatex 2026.5.8)  26 JUN 2026 14:11
entering extended mode
 restricted \write18 enabled.
 %&-line parsing enabled.
**aero_engine_rul_ieee_review.tex
(./aero_engine_rul_ieee_review.tex
LaTeX2e <2025-11-01>
L3 programming layer <2026-01-19>
(d:/app/Tools/Texlive/texlive/2026/texmf-dist/tex/latex/ieeetran/IEEEtran.cls
Document Class: IEEEtran 2015/08/26 V1.8b by Michael Shell
-- See the "IEEEtran_HOWTO" manual for usage information.
-- http://www.michaelshell.org/tex/ieeetran/
\@IEEEtrantmpdimenA=\dimen148
\@IEEEtrantmpdimenB=\dimen149
\@IEEEtrantmpdimenC=\dimen150
\@IEEEtrantmpcountA=\count275
\@IEEEtrantmpcountB=\count276
\@IEEEtrantmpcountC=\count277
\@IEEEtrantmptoksA=\toks17
LaTeX Font Info:    Trying to load font information for OT1+ptm on input line 5
03.
(d:/app/Tools/Texlive/texlive/2026/texmf-dist/tex/latex/psnfss/ot1ptm.fd
File: ot1ptm.fd 2001/06/04 font definitions for OT1/ptm.
)
-- Using 8.5in x 11in (letter) paper.
-- Using PDF output.
\@IEEEnormalsizeunitybaselineskip=\dimen151
-- This is a 10 point document.
LaTeX Encoding Info:    Redeclaring text command \textunderscore (encoding ?) o
n input line 937.
\CLASSINFOnormalsizebaselineskip=\dimen152
\CLASSINFOnormalsizeunitybaselineskip=\dimen153
\IEEEnormaljot=\dimen154
LaTeX Font Info:    Font shape `OT1/ptm/bx/n' in size <5> not available
(Font)              Font shape `OT1/ptm/b/n' tried instead on input line 1090.
LaTeX Font Info:    Font shape `OT1/ptm/bx/it' in size <5> not available
(Font)              Font shape `OT1/ptm/b/it' tried instead on input line 1090.

LaTeX Font Info:    Font shape `OT1/ptm/bx/n' in size <7> not available
(Font)              Font shape `OT1/ptm/b/n' tried instead on input line 1090.
LaTeX Font Info:    Font shape `OT1/ptm/bx/it' in size <7> not available
(Font)              Font shape `OT1/ptm/b/it' tried instead on input line 1090.

LaTeX Font Info:    Font shape `OT1/ptm/bx/n' in size <8> not available
(Font)              Font shape `OT1/ptm/b/n' tried instead on input line 1090.
LaTeX Font Info:    Font shape `OT1/ptm/bx/it' in size <8> not available
(Font)              Font shape `OT1/ptm/b/it' tried instead on input line 1090.

LaTeX Font Info:    Font shape `OT1/ptm/bx/n' in size <9> not available
(Font)              Font shape `OT1/ptm/b/n' tried instead on input line 1090.
LaTeX Font Info:    Font shape `OT1/ptm/bx/it' in size <9> not available
(Font)              Font shape `OT1/ptm/b/it' tried instead on input line 1090.

LaTeX Font Info:    Font shape `OT1/ptm/bx/n' in size <10> not available
(Font)              Font shape `OT1/ptm/b/n' tried instead on input line 1090.
LaTeX Font Info:    Font shape `OT1/ptm/bx/it' in size <10> not available
(Font)              Font shape `OT1/ptm/b/it' tried instead on input line 1090.

LaTeX Font Info:    Font shape `OT1/ptm/bx/n' in size <11> not available
(Font)              Font shape `OT1/ptm/b/n' tried instead on input line 1090.
LaTeX Font Info:    Font shape `OT1/ptm/bx/it' in size <11> not available
(Font)              Font shape `OT1/ptm/b/it' tried instead on input line 1090.

LaTeX Font Info:    Font shape `OT1/ptm/bx/n' in size <12> not available
(Font)              Font shape `OT1/ptm/b/n' tried instead on input line 1090.
LaTeX Font Info:    Font shape `OT1/ptm/bx/it' in size <12> not available
(Font)              Font shape `OT1/ptm/b/it' tried instead on input line 1090.

LaTeX Font Info:    Font shape `OT1/ptm/bx/n' in size <17> not available
(Font)              Font shape `OT1/ptm/b/n' tried instead on input line 1090.
LaTeX Font Info:    Font shape `OT1/ptm/bx/it' in size <17> not available
(Font)              Font shape `OT1/ptm/b/it' tried instead on input line 1090.

LaTeX Font Info:    Font shape `OT1/ptm/bx/n' in size <20> not available
(Font)              Font shape `OT1/ptm/b/n' tried instead on input line 1090.
LaTeX Font Info:    Font shape `OT1/ptm/bx/it' in size <20> not available
(Font)              Font shape `OT1/ptm/b/it' tried instead on input line 1090.

LaTeX Font Info:    Font shape `OT1/ptm/bx/n' in size <24> not available
(Font)              Font shape `OT1/ptm/b/n' tried instead on input line 1090.
LaTeX Font Info:    Font shape `OT1/ptm/bx/it' in size <24> not available
(Font)              Font shape `OT1/ptm/b/it' tried instead on input line 1090.

\IEEEquantizedlength=\dimen155
\IEEEquantizedlengthdiff=\dimen156
\IEEEquantizedtextheightdiff=\dimen157
\IEEEilabelindentA=\dimen158
\IEEEilabelindentB=\dimen159
\IEEEilabelindent=\dimen160
\IEEEelabelindent=\dimen161
\IEEEdlabelindent=\dimen162
\IEEElabelindent=\dimen163
\IEEEiednormlabelsep=\dimen164
\IEEEiedmathlabelsep=\dimen165
\IEEEiedtopsep=\skip49
\c@section=\count278
\c@subsection=\count279
\c@subsubsection=\count280
\c@paragraph=\count281
\c@IEEEsubequation=\count282
\abovecaptionskip=\skip50
\belowcaptionskip=\skip51
\c@figure=\count283
\c@table=\count284
\@IEEEeqnnumcols=\count285
\@IEEEeqncolcnt=\count286
\@IEEEsubeqnnumrollback=\count287
\@IEEEquantizeheightA=\dimen166
\@IEEEquantizeheightB=\dimen167
\@IEEEquantizeheightC=\dimen168
\@IEEEquantizeprevdepth=\dimen169
\@IEEEquantizemultiple=\count288
\@IEEEquantizeboxA=\box53
\@IEEEtmpitemindent=\dimen170
\IEEEPARstartletwidth=\dimen171
\c@IEEEbiography=\count289
\@IEEEtranrubishbin=\box54
) (d:/app/Tools/Texlive/texlive/2026/texmf-dist/tex/latex/base/fontenc.sty
Package: fontenc 2025/07/18 v2.1d Standard LaTeX package
LaTeX Font Info:    Trying to load font information for T1+ptm on input line 11
6.

(d:/app/Tools/Texlive/texlive/2026/texmf-dist/tex/latex/psnfss/t1ptm.fd
File: t1ptm.fd 2001/06/04 font definitions for T1/ptm.
))
(d:/app/Tools/Texlive/texlive/2026/texmf-dist/tex/latex/base/inputenc.sty
Package: inputenc 2024/02/08 v1.3d Input encoding file
\inpenc@prehook=\toks18
\inpenc@posthook=\toks19
)
(d:/app/Tools/Texlive/texlive/2026/texmf-dist/tex/latex/cite/cite.sty
LaTeX Info: Redefining \cite on input line 302.
LaTeX Info: Redefining \nocite on input line 332.
Package: cite 2015/02/27  v 5.5
)
(d:/app/Tools/Texlive/texlive/2026/texmf-dist/tex/latex/amsmath/amsmath.sty
Package: amsmath 2025/07/09 v2.17z AMS math features
\@mathmargin=\skip52

For additional information on amsmath, use the `?' option.
(d:/app/Tools/Texlive/texlive/2026/texmf-dist/tex/latex/amsmath/amstext.sty
Package: amstext 2024/11/17 v2.01 AMS text

(d:/app/Tools/Texlive/texlive/2026/texmf-dist/tex/latex/amsmath/amsgen.sty
File: amsgen.sty 1999/11/30 v2.0 generic functions
\@emptytoks=\toks20
\ex@=\dimen172
))
(d:/app/Tools/Texlive/texlive/2026/texmf-dist/tex/latex/amsmath/amsbsy.sty
Package: amsbsy 1999/11/29 v1.2d Bold Symbols
\pmbraise@=\dimen173
)
(d:/app/Tools/Texlive/texlive/2026/texmf-dist/tex/latex/amsmath/amsopn.sty
Package: amsopn 2022/04/08 v2.04 operator names
)
\inf@bad=\count290
LaTeX Info: Redefining \frac on input line 233.
\uproot@=\count291
\leftroot@=\count292
LaTeX Info: Redefining \overline on input line 398.
LaTeX Info: Redefining \colon on input line 409.
\classnum@=\count293
\DOTSCASE@=\count294
LaTeX Info: Redefining \ldots on input line 495.
LaTeX Info: Redefining \dots on input line 498.
LaTeX Info: Redefining \cdots on input line 619.
\Mathstrutbox@=\box55
\strutbox@=\box56
LaTeX Info: Redefining \big on input line 721.
LaTeX Info: Redefining \Big on input line 722.
LaTeX Info: Redefining \bigg on input line 723.
LaTeX Info: Redefining \Bigg on input line 724.
\big@size=\dimen174
LaTeX Font Info:    Redeclaring font encoding OML on input line 742.
LaTeX Font Info:    Redeclaring font encoding OMS on input line 743.
\macc@depth=\count295
LaTeX Info: Redefining \bmod on input line 904.
LaTeX Info: Redefining \pmod on input line 909.
LaTeX Info: Redefining \smash on input line 939.
LaTeX Info: Redefining \relbar on input line 969.
LaTeX Info: Redefining \Relbar on input line 970.
\c@MaxMatrixCols=\count296
\dotsspace@=\muskip17
\c@parentequation=\count297
\dspbrk@lvl=\count298
\tag@help=\toks21
\row@=\count299
\column@=\count300
\maxfields@=\count301
\andhelp@=\toks22
\eqnshift@=\dimen175
\alignsep@=\dimen176
\tagshift@=\dimen177
\tagwidth@=\dimen178
\totwidth@=\dimen179
\lineht@=\dimen180
\@envbody=\toks23
\multlinegap=\skip53
\multlinetaggap=\skip54
\mathdisplay@stack=\toks24
LaTeX Info: Redefining \[ on input line 2950.
LaTeX Info: Redefining \] on input line 2951.
)
(d:/app/Tools/Texlive/texlive/2026/texmf-dist/tex/latex/amsfonts/amssymb.sty
Package: amssymb 2013/01/14 v3.01 AMS font symbols

(d:/app/Tools/Texlive/texlive/2026/texmf-dist/tex/latex/amsfonts/amsfonts.sty
Package: amsfonts 2013/01/14 v3.01 Basic AMSFonts support
\symAMSa=\mathgroup4
\symAMSb=\mathgroup5
LaTeX Font Info:    Redeclaring math symbol \hbar on input line 98.
LaTeX Font Info:    Overwriting math alphabet `\mathfrak' in version `bold'
(Font)                  U/euf/m/n --> U/euf/b/n on input line 106.
)) (d:/app/Tools/Texlive/texlive/2026/texmf-dist/tex/latex/graphics/graphicx.st
y
Package: graphicx 2024/12/31 v1.2e Enhanced LaTeX Graphics (DPC,SPQR)

(d:/app/Tools/Texlive/texlive/2026/texmf-dist/tex/latex/graphics/keyval.sty
Package: keyval 2022/05/29 v1.15 key=value parser (DPC)
\KV@toks@=\toks25
)
(d:/app/Tools/Texlive/texlive/2026/texmf-dist/tex/latex/graphics/graphics.sty
Package: graphics 2024/08/06 v1.4g Standard LaTeX Graphics (DPC,SPQR)

(d:/app/Tools/Texlive/texlive/2026/texmf-dist/tex/latex/graphics/trig.sty
Package: trig 2023/12/02 v1.11 sin cos tan (DPC)
)
(d:/app/Tools/Texlive/texlive/2026/texmf-dist/tex/latex/graphics-cfg/graphics.c
fg
File: graphics.cfg 2016/06/04 v1.11 sample graphics configuration
)
Package graphics Info: Driver file: pdftex.def on input line 106.

(d:/app/Tools/Texlive/texlive/2026/texmf-dist/tex/latex/graphics-def/pdftex.def
File: pdftex.def 2025/09/29 v1.2d Graphics/color driver for pdftex
))
\Gin@req@height=\dimen181
\Gin@req@width=\dimen182
)
(d:/app/Tools/Texlive/texlive/2026/texmf-dist/tex/latex/booktabs/booktabs.sty
Package: booktabs 2020/01/12 v1.61803398 Publication quality tables
\heavyrulewidth=\dimen183
\lightrulewidth=\dimen184
\cmidrulewidth=\dimen185
\belowrulesep=\dimen186
\belowbottomsep=\dimen187
\aboverulesep=\dimen188
\abovetopsep=\dimen189
\cmidrulesep=\dimen190
\cmidrulekern=\dimen191
\defaultaddspace=\dimen192
\@cmidla=\count302
\@cmidlb=\count303
\@aboverulesep=\dimen193
\@belowrulesep=\dimen194
\@thisruleclass=\count304
\@lastruleclass=\count305
\@thisrulewidth=\dimen195
)
(d:/app/Tools/Texlive/texlive/2026/texmf-dist/tex/latex/tools/tabularx.sty
Package: tabularx 2023/12/11 v2.12a `tabularx' package (DPC)

(d:/app/Tools/Texlive/texlive/2026/texmf-dist/tex/latex/tools/array.sty
Package: array 2025/09/25 v2.6n Tabular extension package (FMi)
\col@sep=\dimen196
\ar@mcellbox=\box57
\extrarowheight=\dimen197
\NC@list=\toks26
\extratabsurround=\skip55
\backup@length=\skip56
\ar@cellbox=\box58
)
\TX@col@width=\dimen198
\TX@old@table=\dimen199
\TX@old@col=\dimen256
\TX@target=\dimen257
\TX@delta=\dimen258
\TX@cols=\count306
\TX@ftn=\toks27
)
(d:/app/Tools/Texlive/texlive/2026/texmf-dist/tex/latex/xcolor/xcolor.sty
Package: xcolor 2024/09/29 v3.02 LaTeX color extensions (UK)

(d:/app/Tools/Texlive/texlive/2026/texmf-dist/tex/latex/graphics-cfg/color.cfg
File: color.cfg 2016/01/02 v1.6 sample color configuration
)
Package xcolor Info: Driver file: pdftex.def on input line 274.
(d:/app/Tools/Texlive/texlive/2026/texmf-dist/tex/latex/graphics/mathcolor.ltx)
Package xcolor Info: Model `cmy' substituted by `cmy0' on input line 1349.
Package xcolor Info: Model `hsb' substituted by `rgb' on input line 1353.
Package xcolor Info: Model `RGB' extended on input line 1365.
Package xcolor Info: Model `HTML' substituted by `rgb' on input line 1367.
Package xcolor Info: Model `Hsb' substituted by `hsb' on input line 1368.
Package xcolor Info: Model `tHsb' substituted by `hsb' on input line 1369.
Package xcolor Info: Model `HSB' substituted by `hsb' on input line 1370.
Package xcolor Info: Model `Gray' substituted by `gray' on input line 1371.
Package xcolor Info: Model `wave' substituted by `hsb' on input line 1372.
) (d:/app/Tools/Texlive/texlive/2026/texmf-dist/tex/latex/url/url.sty
\Urlmuskip=\muskip18
Package: url 2013/09/16  ver 3.4  Verb mode for urls, etc.
)
(d:/app/Tools/Texlive/texlive/2026/texmf-dist/tex/latex/hyperref/hyperref.sty
Package: hyperref 2026-01-29 v7.01p Hypertext links for LaTeX

(d:/app/Tools/Texlive/texlive/2026/texmf-dist/tex/generic/iftex/iftex.sty
Package: iftex 2024/12/12 v1.0g TeX engine tests
)
(d:/app/Tools/Texlive/texlive/2026/texmf-dist/tex/latex/kvsetkeys/kvsetkeys.sty
Package: kvsetkeys 2022-10-05 v1.19 Key value parser (HO)
)
(d:/app/Tools/Texlive/texlive/2026/texmf-dist/tex/generic/kvdefinekeys/kvdefine
keys.sty
Package: kvdefinekeys 2019-12-19 v1.6 Define keys (HO)
)
(d:/app/Tools/Texlive/texlive/2026/texmf-dist/tex/generic/pdfescape/pdfescape.s
ty
Package: pdfescape 2019/12/09 v1.15 Implements pdfTeX's escape features (HO)

(d:/app/Tools/Texlive/texlive/2026/texmf-dist/tex/generic/ltxcmds/ltxcmds.sty
Package: ltxcmds 2023-12-04 v1.26 LaTeX kernel commands for general use (HO)
)
(d:/app/Tools/Texlive/texlive/2026/texmf-dist/tex/generic/pdftexcmds/pdftexcmds
.sty
Package: pdftexcmds 2020-06-27 v0.33 Utility functions of pdfTeX for LuaTeX (HO
)

(d:/app/Tools/Texlive/texlive/2026/texmf-dist/tex/generic/infwarerr/infwarerr.s
ty
Package: infwarerr 2019/12/03 v1.5 Providing info/warning/error messages (HO)
)
Package pdftexcmds Info: \pdf@primitive is available.
Package pdftexcmds Info: \pdf@ifprimitive is available.
Package pdftexcmds Info: \pdfdraftmode found.
))
(d:/app/Tools/Texlive/texlive/2026/texmf-dist/tex/latex/hycolor/hycolor.sty
Package: hycolor 2020-01-27 v1.10 Color options for hyperref/bookmark (HO)
)
(d:/app/Tools/Texlive/texlive/2026/texmf-dist/tex/latex/hyperref/nameref.sty
Package: nameref 2026-01-29 v2.58 Cross-referencing by name of section

(d:/app/Tools/Texlive/texlive/2026/texmf-dist/tex/latex/refcount/refcount.sty
Package: refcount 2019/12/15 v3.6 Data extraction from label references (HO)
)
(d:/app/Tools/Texlive/texlive/2026/texmf-dist/tex/generic/gettitlestring/gettit
lestring.sty
Package: gettitlestring 2019/12/15 v1.6 Cleanup title references (HO)

(d:/app/Tools/Texlive/texlive/2026/texmf-dist/tex/latex/kvoptions/kvoptions.sty
Package: kvoptions 2022-06-15 v3.15 Key value format for package options (HO)
))
\c@section@level=\count307
)
(d:/app/Tools/Texlive/texlive/2026/texmf-dist/tex/latex/etoolbox/etoolbox.sty
Package: etoolbox 2025/10/02 v2.5m e-TeX tools for LaTeX (JAW)
\etb@tempcnta=\count308
)
(d:/app/Tools/Texlive/texlive/2026/texmf-dist/tex/generic/stringenc/stringenc.s
ty
Package: stringenc 2019/11/29 v1.12 Convert strings between diff. encodings (HO
)
)
\@linkdim=\dimen259
\Hy@linkcounter=\count309
\Hy@pagecounter=\count310
 (d:/app/Tools/Texlive/texlive/2026/texmf-dist/tex/latex/hyperref/pd1enc.def
File: pd1enc.def 2026-01-29 v7.01p Hyperref: PDFDocEncoding definition (HO)
Now handling font encoding PD1 ...
... no UTF-8 mapping file for font encoding PD1
) (d:/app/Tools/Texlive/texlive/2026/texmf-dist/tex/generic/intcalc/intcalc.sty
Package: intcalc 2019/12/15 v1.3 Expandable calculations with integers (HO)
)
\Hy@SavedSpaceFactor=\count311
 (d:/app/Tools/Texlive/texlive/2026/texmf-dist/tex/latex/hyperref/puenc.def
File: puenc.def 2026-01-29 v7.01p Hyperref: PDF Unicode definition (HO)
Now handling font encoding PU ...
... no UTF-8 mapping file for font encoding PU
)
Package hyperref Info: Hyper figures OFF on input line 4201.
Package hyperref Info: Link nesting OFF on input line 4206.
Package hyperref Info: Hyper index ON on input line 4209.
Package hyperref Info: Plain pages OFF on input line 4216.
Package hyperref Info: Backreferencing OFF on input line 4221.
Package hyperref Info: Implicit mode ON; LaTeX internals redefined.
Package hyperref Info: Bookmarks ON on input line 4468.
\c@Hy@tempcnt=\count312
LaTeX Info: Redefining \url on input line 4807.
\XeTeXLinkMargin=\dimen260

(d:/app/Tools/Texlive/texlive/2026/texmf-dist/tex/generic/bitset/bitset.sty
Package: bitset 2019/12/09 v1.3 Handle bit-vector datatype (HO)

(d:/app/Tools/Texlive/texlive/2026/texmf-dist/tex/generic/bigintcalc/bigintcalc
.sty
Package: bigintcalc 2019/12/15 v1.5 Expandable calculations on big integers (HO
)
))
\Fld@menulength=\count313
\Field@Width=\dimen261
\Fld@charsize=\dimen262
Package hyperref Info: Hyper figures OFF on input line 6084.
Package hyperref Info: Link nesting OFF on input line 6089.
Package hyperref Info: Hyper index ON on input line 6092.
Package hyperref Info: backreferencing OFF on input line 6099.
Package hyperref Info: Link coloring OFF on input line 6104.
Package hyperref Info: Link coloring with OCG OFF on input line 6109.
Package hyperref Info: PDF/A mode OFF on input line 6114.
\Hy@abspage=\count314
\c@Item=\count315
\c@Hfootnote=\count316
)
Package hyperref Info: Driver (autodetected): hpdftex.

(d:/app/Tools/Texlive/texlive/2026/texmf-dist/tex/latex/hyperref/hpdftex.def
File: hpdftex.def 2026-01-29 v7.01p Hyperref driver for pdfTeX
\Fld@listcount=\count317
\c@bookmark@seq@number=\count318

(d:/app/Tools/Texlive/texlive/2026/texmf-dist/tex/latex/rerunfilecheck/rerunfil
echeck.sty
Package: rerunfilecheck 2025-06-21 v1.11 Rerun checks for auxiliary files (HO)

(d:/app/Tools/Texlive/texlive/2026/texmf-dist/tex/generic/uniquecounter/uniquec
ounter.sty
Package: uniquecounter 2019/12/15 v1.4 Provide unlimited unique counter (HO)
)
Package uniquecounter Info: New unique counter `rerunfilecheck' on input line 2
84.
)
\Hy@SectionHShift=\skip57
)
(d:/app/Tools/Texlive/texlive/2026/texmf-dist/tex/latex/l3backend/l3backend-pdf
tex.def
File: l3backend-pdftex.def 2025-10-09 L3 backend support: PDF output (pdfTeX)
\l__color_backend_stack_int=\count319
) (./aero_engine_rul_ieee_review.aux)
\openout1 = `aero_engine_rul_ieee_review.aux'.

LaTeX Font Info:    Checking defaults for OML/cmm/m/it on input line 41.
LaTeX Font Info:    ... okay on input line 41.
LaTeX Font Info:    Checking defaults for OMS/cmsy/m/n on input line 41.
LaTeX Font Info:    ... okay on input line 41.
LaTeX Font Info:    Checking defaults for OT1/cmr/m/n on input line 41.
LaTeX Font Info:    ... okay on input line 41.
LaTeX Font Info:    Checking defaults for T1/cmr/m/n on input line 41.
LaTeX Font Info:    ... okay on input line 41.
LaTeX Font Info:    Checking defaults for TS1/cmr/m/n on input line 41.
LaTeX Font Info:    ... okay on input line 41.
LaTeX Font Info:    Checking defaults for OMX/cmex/m/n on input line 41.
LaTeX Font Info:    ... okay on input line 41.
LaTeX Font Info:    Checking defaults for U/cmr/m/n on input line 41.
LaTeX Font Info:    ... okay on input line 41.
LaTeX Font Info:    Checking defaults for PD1/pdf/m/n on input line 41.
LaTeX Font Info:    ... okay on input line 41.
LaTeX Font Info:    Checking defaults for PU/pdf/m/n on input line 41.
LaTeX Font Info:    ... okay on input line 41.

-- Lines per column: 56 (exact).

(d:/app/Tools/Texlive/texlive/2026/texmf-dist/tex/context/base/mkii/supp-pdf.mk
ii
[Loading MPS to PDF converter (version 2006.09.02).]
\scratchcounter=\count320
\scratchdimen=\dimen263
\scratchbox=\box59
\nofMPsegments=\count321
\nofMParguments=\count322
\everyMPshowfont=\toks28
\MPscratchCnt=\count323
\MPscratchDim=\dimen264
\MPnumerator=\count324
\makeMPintoPDFobject=\count325
\everyMPtoPDFconversion=\toks29
)
(d:/app/Tools/Texlive/texlive/2026/texmf-dist/tex/latex/epstopdf-pkg/epstopdf-b
ase.sty
Package: epstopdf-base 2020-01-24 v2.11 Base part for package epstopdf
Package epstopdf-base Info: Redefining graphics rule for `.eps' on input line 4
85.

(d:/app/Tools/Texlive/texlive/2026/texmf-dist/tex/latex/latexconfig/epstopdf-sy
s.cfg
File: epstopdf-sys.cfg 2010/07/13 v1.3 Configuration of (r)epstopdf for TeX Liv
e
))
Package hyperref Info: Link coloring OFF on input line 41.
 (./aero_engine_rul_ieee_review.out) (./aero_engine_rul_ieee_review.out)
\@outlinefile=\write3
\openout3 = `aero_engine_rul_ieee_review.out'.

<figures/fig01_cmapss_benchmark_map.png, id=68, 1678.27pt x 944.52875pt>
File: figures/fig01_cmapss_benchmark_map.png Graphic file (type png)
<use figures/fig01_cmapss_benchmark_map.png>
Package pdftex.def Info: figures/fig01_cmapss_benchmark_map.png  used on input 
line 57.
(pdftex.def)             Requested size: 505.6778pt x 284.58586pt.
LaTeX Font Info:    Trying to load font information for T1+pcr on input line 59
.
(d:/app/Tools/Texlive/texlive/2026/texmf-dist/tex/latex/psnfss/t1pcr.fd
File: t1pcr.fd 2001/06/04 font definitions for T1/pcr.
)
Underfull \hbox (badness 10000) in paragraph at lines 59--60
[]\T1/ptm/m/n/10 This manuscript po-si-tions the cur-rent
 []


Underfull \hbox (badness 10000) in paragraph at lines 59--60
\T1/pcr/m/n/10 D:\Project\Cmaps_RULE \T1/ptm/m/n/10 repos-i-tory as a safety-
 []


Underfull \hbox (badness 3179) in paragraph at lines 59--60
\T1/ptm/m/n/10 and domain-shift di-ag-nos-tics. The most cred-i-ble pa-per
 []


Underfull \hbox (badness 1540) in paragraph at lines 59--60
\T1/ptm/m/n/10 but a tighter eval-u-a-tion pro-to-col for critical-zone RUL,
 []


Underfull \hbox (badness 2828) in paragraph at lines 62--63
[]\T1/ptm/m/n/10 C-MAPSS re-mains the dom-i-nant di-rectly com-pa-ra-ble
 []

[1{d:/app/Tools/Texlive/texlive/2026/texmf-var/fonts/map/pdftex/updmap/pdftex.m
ap}{d:/app/Tools/Texlive/texlive/2026/texmf-dist/fonts/enc/dvips/base/8r.enc}


]
<figures/fig02_phm_rul_pipeline.png, id=86, 1678.27pt x 944.52875pt>
File: figures/fig02_phm_rul_pipeline.png Graphic file (type png)
<use figures/fig02_phm_rul_pipeline.png>
Package pdftex.def Info: figures/fig02_phm_rul_pipeline.png  used on input line
 66.
(pdftex.def)             Requested size: 505.6778pt x 284.58586pt.

(d:/app/Tools/Texlive/texlive/2026/texmf-dist/tex/latex/amsfonts/umsa.fd)
(d:/app/Tools/Texlive/texlive/2026/texmf-dist/tex/latex/amsfonts/umsb.fd)
<figures/fig03_taxonomy_six_lines.png, id=107, 1678.27pt x 944.52875pt>
File: figures/fig03_taxonomy_six_lines.png Graphic file (type png)
<use figures/fig03_taxonomy_six_lines.png>
Package pdftex.def Info: figures/fig03_taxonomy_six_lines.png  used on input li
ne 89.
(pdftex.def)             Requested size: 505.6778pt x 284.58586pt.
<figures/fig04_ml_vs_deep_protocol.png, id=114, 1678.27pt x 944.52875pt>
File: figures/fig04_ml_vs_deep_protocol.png Graphic file (type png)
<use figures/fig04_ml_vs_deep_protocol.png>
Package pdftex.def Info: figures/fig04_ml_vs_deep_protocol.png  used on input l
ine 96.
(pdftex.def)             Requested size: 505.6778pt x 284.58586pt.

[2 <./figures/fig01_cmapss_benchmark_map.png (PNG copy)>]
<figures/fig05_sequence_model_evolution.png, id=133, 1678.27pt x 944.52875pt>
File: figures/fig05_sequence_model_evolution.png Graphic file (type png)
<use figures/fig05_sequence_model_evolution.png>
Package pdftex.def Info: figures/fig05_sequence_model_evolution.png  used on in
put line 103.
(pdftex.def)             Requested size: 505.6778pt x 284.58586pt.
 [3 <./figures/fig02_phm_rul_pipeline.png (PNG copy)>]

LaTeX Warning: Text page 4 contains only floats.


Overfull \vbox (2.63577pt too high) has occurred while \output is active []



LaTeX Warning: Text page 4 contains only floats.


Overfull \vbox (2.63577pt too high) has occurred while \output is active []


[4 <./figures/fig03_taxonomy_six_lines.png (PNG copy)> <./figures/fig04_ml_vs_d
eep_protocol.png (PNG copy)>]
<figures/fig06_domain_shift_adaptation.png, id=160, 1678.27pt x 944.52875pt>
File: figures/fig06_domain_shift_adaptation.png Graphic file (type png)
<use figures/fig06_domain_shift_adaptation.png>
Package pdftex.def Info: figures/fig06_domain_shift_adaptation.png  used on inp
ut line 110.
(pdftex.def)             Requested size: 505.6778pt x 284.58586pt.

Underfull \vbox (badness 1371) has occurred while \output is active []

<figures/fig07_uncertainty_calibration.png, id=166, 1678.27pt x 944.52875pt>
File: figures/fig07_uncertainty_calibration.png Graphic file (type png)
<use figures/fig07_uncertainty_calibration.png>
Package pdftex.def Info: figures/fig07_uncertainty_calibration.png  used on inp
ut line 130.
(pdftex.def)             Requested size: 505.6778pt x 284.58586pt.
<figures/fig08_overestimation_safety.png, id=167, 1678.27pt x 944.52875pt>
File: figures/fig08_overestimation_safety.png Graphic file (type png)
<use figures/fig08_overestimation_safety.png>
Package pdftex.def Info: figures/fig08_overestimation_safety.png  used on input
 line 132.
(pdftex.def)             Requested size: 505.6778pt x 284.58586pt.

Underfull \hbox (badness 1502) in paragraph at lines 153--154
\T1/ptm/m/n/10 reinforcement-learning poli-cies show that RUL es-ti-mates
 []

<figures/fig09_maintenance_decision_loop.png, id=172, 1678.27pt x 944.52875pt>
File: figures/fig09_maintenance_decision_loop.png Graphic file (type png)
<use figures/fig09_maintenance_decision_loop.png>
Package pdftex.def Info: figures/fig09_maintenance_decision_loop.png  used on i
nput line 155.
(pdftex.def)             Requested size: 505.6778pt x 284.58586pt.
[5 <./figures/fig05_sequence_model_evolution.png (PNG copy)>]

LaTeX Warning: Text page 6 contains only floats.


Overfull \vbox (0.98376pt too high) has occurred while \output is active []



LaTeX Warning: Text page 6 contains only floats.


Overfull \vbox (0.98376pt too high) has occurred while \output is active []


[6 <./figures/fig06_domain_shift_adaptation.png (PNG copy)> <./figures/fig07_un
certainty_calibration.png (PNG copy)>]
Underfull \hbox (badness 1596) in paragraph at lines 160--161
\T1/ptm/m/n/10 or cross-subset dis-tri-bu-tion shift. Re-cent XAI work for
 []

<figures/fig10_sensor_robustness_xai.png, id=212, 1541.76pt x 1027.84pt>
File: figures/fig10_sensor_robustness_xai.png Graphic file (type png)
<use figures/fig10_sensor_robustness_xai.png>
Package pdftex.def Info: figures/fig10_sensor_robustness_xai.png  used on input
 line 162.
(pdftex.def)             Requested size: 505.6778pt x 337.11801pt.
[7 <./figures/fig08_overestimation_safety.png (PNG copy)>]
<figures/fig11_project_positioning_roadmap.png, id=226, 1780.6525pt x 890.32625
pt>
File: figures/fig11_project_positioning_roadmap.png Graphic file (type png)
<use figures/fig11_project_positioning_roadmap.png>
Package pdftex.def Info: figures/fig11_project_positioning_roadmap.png  used on
 input line 172.
(pdftex.def)             Requested size: 505.6778pt x 252.8354pt.

Underfull \hbox (badness 10000) in paragraph at lines 176--177
[]\T1/ptm/m/n/10 Critical-zone RUL eval-u-a-tion on C-MAPSS
 []


Underfull \hbox (badness 10000) in paragraph at lines 176--177
\T1/ptm/m/n/10 FD001/FD003, show-ing when ag-gre-gate RMSE
 []

[8 <./figures/fig09_maintenance_decision_loop.png (PNG copy)>]
Underfull \hbox (badness 1675) in paragraph at lines 195--196
\T1/ptm/m/n/10 is avail-able at []$https : / / github . com / EthanHuangEbor / 
Cmaps _
 []

(./aero_engine_rul_ieee_review.bbl [9 <./figures/fig10_sensor_robustness_xai.pn
g (PNG copy)>] [10 <./figures/fig11_project_positioning_roadmap.png (PNG copy)>
] [11])

** Conference Paper **
Before submitting the final camera ready copy, remember to:

 1. Manually equalize the lengths of two columns on the last page
 of your paper;

 2. Ensure that any PostScript and/or PDF output post-processing
 uses only Type 1 fonts and that every step in the generation
 process uses the appropriate paper size.

[12

] (./aero_engine_rul_ieee_review.aux)
 ***********
LaTeX2e <2025-11-01>
L3 programming layer <2026-01-19>
 ***********
Package rerunfilecheck Info: File `aero_engine_rul_ieee_review.out' has not cha
nged.
(rerunfilecheck)             Checksum: 8BAC8F5A12384CE18A90BD7929BDCDCF;2760.
 ) 
Here is how much of TeX's memory you used:
 11827 strings out of 467525
 186056 string characters out of 5413724
 635112 words of memory out of 5000000
 40480 multiletter control sequences out of 15000+600000
 738456 words of font info for 152 fonts, out of 8000000 for 9000
 1141 hyphenation exceptions out of 8191
 75i,11n,79p,1624b,594s stack positions out of 10000i,1000n,20000p,200000b,200000s
<d:/app/Tools/Texlive/texlive/2026/texmf-dist/fonts/type1/public/amsfonts/cm/
cmex10.pfb><d:/app/Tools/Texlive/texlive/2026/texmf-dist/fonts/type1/public/ams
fonts/cm/cmmi10.pfb><d:/app/Tools/Texlive/texlive/2026/texmf-dist/fonts/type1/p
ublic/amsfonts/cm/cmmi5.pfb><d:/app/Tools/Texlive/texlive/2026/texmf-dist/fonts
/type1/public/amsfonts/cm/cmmi7.pfb><d:/app/Tools/Texlive/texlive/2026/texmf-di
st/fonts/type1/public/amsfonts/cm/cmmi8.pfb><d:/app/Tools/Texlive/texlive/2026/
texmf-dist/fonts/type1/public/amsfonts/cm/cmr10.pfb><d:/app/Tools/Texlive/texli
ve/2026/texmf-dist/fonts/type1/public/amsfonts/cm/cmr7.pfb><d:/app/Tools/Texliv
e/texlive/2026/texmf-dist/fonts/type1/public/amsfonts/cm/cmr8.pfb><d:/app/Tools
/Texlive/texlive/2026/texmf-dist/fonts/type1/public/amsfonts/cm/cmsy10.pfb><d:/
app/Tools/Texlive/texlive/2026/texmf-dist/fonts/type1/public/amsfonts/cm/cmsy7.
pfb><d:/app/Tools/Texlive/texlive/2026/texmf-dist/fonts/type1/public/amsfonts/c
m/cmsy8.pfb><d:/app/Tools/Texlive/texlive/2026/texmf-dist/fonts/type1/urw/couri
er/ucrr8a.pfb><d:/app/Tools/Texlive/texlive/2026/texmf-dist/fonts/type1/urw/tim
es/utmb8a.pfb><d:/app/Tools/Texlive/texlive/2026/texmf-dist/fonts/type1/urw/tim
es/utmbi8a.pfb><d:/app/Tools/Texlive/texlive/2026/texmf-dist/fonts/type1/urw/ti
mes/utmr8a.pfb><d:/app/Tools/Texlive/texlive/2026/texmf-dist/fonts/type1/urw/ti
mes/utmri8a.pfb>
Output written on aero_engine_rul_ieee_review.pdf (12 pages, 11825944 bytes).
PDF statistics:
 445 PDF objects out of 1000 (max. 8388607)
 372 compressed objects within 4 object streams
 105 named destinations out of 1000 (max. 500000)
 168 words of extra memory for PDF output out of 10000 (max. 10000000)

